2018-12-04 23:55:37,263 - root - initialing program
2018-12-04 23:55:37,273 - root - connecting to remote \\SHIHAD
2018-12-04 23:55:37,835 - root - The command completed successfully.


2018-12-04 23:55:37,835 - root - validating
2018-12-04 23:55:38,115 - root - Source folder doest exists
2018-12-04 23:55:38,115 - root - program exiting
2018-12-04 23:55:38,117 - root - waiting for files
2018-12-04 23:57:00,872 - root - initializing program
2018-12-04 23:57:00,875 - root - connecting to remote \\SHIHAD
2018-12-04 23:57:04,645 - root - Command 'NET USE \\SHIHAD /User:temp admins' returned non-zero exit status 2
2018-12-04 23:57:04,647 - root - validating
2018-12-04 23:57:04,721 - root - Source folder doest exists
2018-12-04 23:57:04,721 - root - program exiting
2018-12-04 23:57:04,723 - root - waiting for files
2018-12-04 23:57:15,726 - root - initializing program
2018-12-04 23:57:15,730 - root - connecting to remote \\SHIHAD
2018-12-04 23:57:15,776 - root - The command completed successfully.


2018-12-04 23:57:15,776 - root - validating
2018-12-04 23:57:15,778 - root - Source folder doest exists
2018-12-04 23:57:15,778 - root - program exiting
2018-12-04 23:57:15,779 - root - waiting for files
